2018-10-08 20:32:06 PM-INFO-funCore:[http://www.yw32.com[我是测试],yeskpd]已建立wss...
2018-10-08 20:32:25 PM-ERROR-funCore:[https://www.ys39.com,yeskpd]连接wss失败：HTTPSConnectionPool(host='www.pk101.vip', port=443): Max retries exceeded with url: /chat/init.do?_t=1538961171663 (Caused by ProxyError('Cannot connect to proxy.', ConnectionResetError(10054, '远程主机强迫关闭了一个现有的连接。', None, 10054, None)))
2018-10-08 20:32:25 PM-ERROR-funCore:[https://www.jx1108.com[我是测试],yeskpd]连接wss失败：HTTPSConnectionPool(host='www.sx1109.com', port=443): Max retries exceeded with url: /chat/init.do?_t=1538961171663 (Caused by ProxyError('Cannot connect to proxy.', ConnectionResetError(10054, '远程主机强迫关闭了一个现有的连接。', None, 10054, None)))
2018-10-08 20:32:54 PM-ERROR-funCore:wss错误回调：[WinError 10060] 由于连接方在一段时间后没有正确答复或连接的主机没有反应，连接尝试失败。
2018-10-08 20:32:54 PM-INFO-funCore:[https://www.ys39.com,yeskpd]wss连接被关闭....
2018-10-08 20:33:01 PM-INFO-funCore:[https://www.jx1108.com[我是测试],yeskpd]已建立wss...
2018-10-08 20:33:02 PM-INFO-funCore:[https://www.jx1108.com[我是测试],yeskpd]抢包数据体：[url:https://www.sx1109.com/chat/luckyBag.do?_t=1539001982768,data:token=80d68f060eb5450b3a8ae3726c07602b&packetId=18064]
2018-10-08 20:33:02 PM-INFO-funCore:[https://www.jx1108.com[我是测试],yeskpd]20:33:02|我是测试|18064|[488.0|688]条件:6000.0充值-流水:6000.0|提交抢包...
2018-10-08 20:33:02 PM-INFO-funCore:[https://www.jx1108.com[我是测试],yeskpd]20:33:02|我是测试|18064|[488.0|688]条件:6000.0充值-流水:6000.0|结果[：{"result":1,"money":0.0}
2018-10-08 20:33:02 PM-INFO-funCore:[https://www.jx1108.com[我是测试],yeskpd]20:33:02|我是测试|18064|[488.0|688]条件:6000.0充值-流水:6000.0|条件不达标！
2018-10-08 20:33:02 PM-INFO-funCore:[https://www.jx1108.com[我是测试],yeskpd]抢包数据体：[url:https://www.sx1109.com/chat/luckyBag.do?_t=1539001982956,data:token=80d68f060eb5450b3a8ae3726c07602b&packetId=18066]
2018-10-08 20:33:02 PM-INFO-funCore:[https://www.jx1108.com[我是测试],yeskpd]20:33:02|我是测试|18066|[488.0|688]条件:6000.0充值-流水:6000.0|提交抢包...
2018-10-08 20:33:03 PM-INFO-funCore:[https://www.jx1108.com[我是测试],yeskpd]20:33:02|我是测试|18066|[488.0|688]条件:6000.0充值-流水:6000.0|结果[：{"result":1,"money":0.0}
2018-10-08 20:33:03 PM-INFO-funCore:[https://www.jx1108.com[我是测试],yeskpd]20:33:02|我是测试|18066|[488.0|688]条件:6000.0充值-流水:6000.0|条件不达标！
2018-10-08 20:33:27 PM-INFO-funCore:[https://www.ys39.com,yeskpd]已建立wss...
2018-10-08 21:32:33 PM-INFO-funCore:[http://www.yw32.com[我是测试],yeskpd]账号登录成功！
2018-10-08 21:32:52 PM-ERROR-funCore:[http://www.yw32.com[我是测试],yeskpd]连接wss失败：HTTPSConnectionPool(host='www.aa444.vip', port=443): Max retries exceeded with url: /chat/init.do?_t=1538961171663 (Caused by ProxyError('Cannot connect to proxy.', ConnectionResetError(10054, '远程主机强迫关闭了一个现有的连接。', None, 10054, None)))
2018-10-08 21:33:06 PM-INFO-funCore:[http://www.yw32.com[我是测试],yeskpd]已成功建立wss...
2018-10-08 21:33:54 PM-INFO-funCore:[https://www.ys39.com,yeskpd]账号登录成功！
2018-10-08 21:33:54 PM-INFO-funCore:[https://www.jx1108.com[我是测试],yeskpd]账号登录成功！
2018-10-08 21:33:57 PM-INFO-funCore:[https://www.ys39.com,yeskpd]已成功建立wss...
2018-10-08 21:34:13 PM-ERROR-funCore:[https://www.jx1108.com[我是测试],yeskpd]连接wss失败：HTTPSConnectionPool(host='www.jx1108.com', port=443): Max retries exceeded with url: /api/getSign.do?_t=1539005634872 (Caused by ProxyError('Cannot connect to proxy.', ConnectionResetError(10054, '远程主机强迫关闭了一个现有的连接。', None, 10054, None)))
2018-10-08 21:35:00 PM-ERROR-funCore:[https://www.jx1108.com[我是测试],yeskpd]连接wss失败：HTTPSConnectionPool(host='www.jx1108.com', port=443): Max retries exceeded with url: /api/getSign.do?_t=1539005681339 (Caused by ProxyError('Cannot connect to proxy.', ConnectionResetError(10054, '远程主机强迫关闭了一个现有的连接。', None, 10054, None)))
2018-10-08 21:35:33 PM-ERROR-funCore:wss错误回调：[WinError 10060] 由于连接方在一段时间后没有正确答复或连接的主机没有反应，连接尝试失败。
2018-10-08 21:35:33 PM-INFO-funCore:[https://www.jx1108.com[我是测试],yeskpd]wss连接被关闭....
2018-10-08 21:36:04 PM-ERROR-funCore:wss错误回调：[WinError 10060] 由于连接方在一段时间后没有正确答复或连接的主机没有反应，连接尝试失败。
2018-10-08 21:36:04 PM-INFO-funCore:[https://www.jx1108.com[我是测试],yeskpd]wss连接被关闭....
2018-10-08 21:36:16 PM-INFO-funCore:[https://www.jx1108.com[我是测试],yeskpd]已成功建立wss...
2018-10-08 21:36:16 PM-INFO-funCore:[https://www.jx1108.com[我是测试],yeskpd]抢包数据体：[url:https://www.sx1109.com/chat/luckyBag.do?_t=1539005776780,data:token=fcad212bbc80327cb23aedee5c968993&packetId=18068]
2018-10-08 21:36:16 PM-INFO-funCore:[https://www.jx1108.com[我是测试],yeskpd]21:36:16|我是测试|18068|[488.0|688]条件:6000.0充值-流水:6000.0|提交抢包...
2018-10-08 21:36:17 PM-INFO-funCore:[https://www.jx1108.com[我是测试],yeskpd]21:36:16|我是测试|18068|[488.0|688]条件:6000.0充值-流水:6000.0|结果[：{"result":1,"money":0.0}
2018-10-08 21:36:17 PM-INFO-funCore:[https://www.jx1108.com[我是测试],yeskpd]21:36:16|我是测试|18068|[488.0|688]条件:6000.0充值-流水:6000.0|条件不达标！
2018-10-08 21:36:17 PM-INFO-funCore:[https://www.jx1108.com[我是测试],yeskpd]抢包数据体：[url:https://www.sx1109.com/chat/luckyBag.do?_t=1539005777777,data:token=fcad212bbc80327cb23aedee5c968993&packetId=18070]
2018-10-08 21:36:17 PM-INFO-funCore:[https://www.jx1108.com[我是测试],yeskpd]21:36:17|我是测试|18070|[488.0|688]条件:6000.0充值-流水:6000.0|提交抢包...
2018-10-08 21:36:36 PM-INFO-funCore:[https://www.jx1108.com[我是测试],yeskpd]21:36:17|我是测试|18070|[488.0|688]条件:6000.0充值-流水:6000.0|结果[：{"result":1,"money":0.0}
2018-10-08 21:36:36 PM-INFO-funCore:[https://www.jx1108.com[我是测试],yeskpd]21:36:17|我是测试|18070|[488.0|688]条件:6000.0充值-流水:6000.0|条件不达标！
2018-10-08 21:48:39 PM-INFO-funCore:[http://www.yw32.com[我是测试],yeskpd]账号登录成功！
2018-10-08 21:48:39 PM-INFO-funCore:[https://www.ys39.com,yeskpd]账号登录成功！
2018-10-08 21:48:58 PM-ERROR-funCore:wss错误回调：[WinError 10060] 由于连接方在一段时间后没有正确答复或连接的主机没有反应，连接尝试失败。
2018-10-08 21:48:58 PM-INFO-funCore:[http://www.yw32.com[我是测试],yeskpd]wss连接被关闭....
2018-10-08 21:49:01 PM-ERROR-funCore:wss错误回调：[WinError 10060] 由于连接方在一段时间后没有正确答复或连接的主机没有反应，连接尝试失败。
2018-10-08 21:49:01 PM-INFO-funCore:[https://www.ys39.com,yeskpd]wss连接被关闭....
2018-10-08 21:49:01 PM-INFO-funCore:[https://www.jx1108.com[我是测试],yeskpd]账号登录成功！
2018-10-08 21:49:23 PM-ERROR-funCore:wss错误回调：[WinError 10060] 由于连接方在一段时间后没有正确答复或连接的主机没有反应，连接尝试失败。
2018-10-08 21:49:23 PM-INFO-funCore:[https://www.jx1108.com[我是测试],yeskpd]wss连接被关闭....
2018-10-08 21:49:30 PM-INFO-funCore:[https://www.ys39.com,yeskpd]已成功建立wss...
2018-10-08 21:49:47 PM-ERROR-funCore:[http://www.yw32.com[我是测试],yeskpd]连接wss失败：HTTPSConnectionPool(host='www.aa444.vip', port=443): Max retries exceeded with url: /chat/init.do?_t=1538961171663 (Caused by ProxyError('Cannot connect to proxy.', ConnectionResetError(10054, '远程主机强迫关闭了一个现有的连接。', None, 10054, None)))
2018-10-08 21:50:05 PM-ERROR-funCore:[https://www.jx1108.com[我是测试],yeskpd]连接wss失败：HTTPSConnectionPool(host='www.jx1108.com', port=443): Max retries exceeded with url: /api/getSign.do?_t=1539006586643 (Caused by ProxyError('Cannot connect to proxy.', ConnectionResetError(10054, '远程主机强迫关闭了一个现有的连接。', None, 10054, None)))
2018-10-08 21:50:18 PM-ERROR-funCore:[http://www.yw32.com[我是测试],yeskpd]连接wss失败：HTTPSConnectionPool(host='www.aa444.vip', port=443): Max retries exceeded with url: /chat/init.do?_t=1538961171663 (Caused by ProxyError('Cannot connect to proxy.', ConnectionResetError(10054, '远程主机强迫关闭了一个现有的连接。', None, 10054, None)))
2018-10-08 21:50:36 PM-INFO-funCore:[http://www.yw32.com[我是测试],yeskpd]已成功建立wss...
2018-10-08 21:50:51 PM-ERROR-funCore:[https://www.jx1108.com[我是测试],yeskpd]连接wss失败：HTTPSConnectionPool(host='www.sx1109.com', port=443): Max retries exceeded with url: /chat/init.do?_t=1538961171663 (Caused by ProxyError('Cannot connect to proxy.', ConnectionResetError(10054, '远程主机强迫关闭了一个现有的连接。', None, 10054, None)))
2018-10-08 21:51:08 PM-INFO-funCore:[https://www.jx1108.com[我是测试],yeskpd]已成功建立wss...
2018-10-08 21:51:09 PM-INFO-funCore:[https://www.jx1108.com[我是测试],yeskpd]抢包数据体：[url:https://www.sx1109.com/chat/luckyBag.do?_t=1539006669266,data:token=a933aa23cdb29ca2f49d4e05cdd96965&packetId=18070]
2018-10-08 21:51:09 PM-INFO-funCore:[https://www.jx1108.com[我是测试],yeskpd]21:51:09|我是测试|18070|[488.0|688]条件:6000.0充值-流水:6000.0|提交抢包...
2018-10-08 21:51:09 PM-INFO-funCore:[https://www.jx1108.com[我是测试],yeskpd]21:51:09|我是测试|18070|[488.0|688]条件:6000.0充值-流水:6000.0|结果[：{"result":1,"money":0.0}
2018-10-08 21:51:09 PM-INFO-funCore:[https://www.jx1108.com[我是测试],yeskpd]21:51:09|我是测试|18070|[488.0|688]条件:6000.0充值-流水:6000.0|条件不达标！
2018-10-08 21:52:18 PM-ERROR-funCore:[https://www.jx1108.com[我是测试],yeskpd]连接wss失败：HTTPSConnectionPool(host='www.sx1109.com', port=443): Max retries exceeded with url: /chat/init.do?_t=1538961171663 (Caused by ProxyError('Cannot connect to proxy.', ConnectionResetError(10054, '远程主机强迫关闭了一个现有的连接。', None, 10054, None)))
2018-10-08 21:52:38 PM-INFO-funCore:[https://www.jx1108.com[我是测试],yeskpd]已成功建立wss...
2018-10-08 21:52:39 PM-INFO-funCore:[https://www.jx1108.com[我是测试],yeskpd]抢包数据体：[url:https://www.sx1109.com/chat/luckyBag.do?_t=1539006759141,data:token=9064574fe23be02e06b7ccba3ddae9fd&packetId=18070]
2018-10-08 21:52:39 PM-INFO-funCore:[https://www.jx1108.com[我是测试],yeskpd]21:52:39|我是测试|18070|[488.0|688]条件:6000.0充值-流水:6000.0|提交抢包...
2018-10-08 21:52:39 PM-INFO-funCore:[https://www.jx1108.com[我是测试],yeskpd]21:52:39|我是测试|18070|[488.0|688]条件:6000.0充值-流水:6000.0|结果[：{"result":1,"money":0.0}
2018-10-08 21:52:39 PM-INFO-funCore:[https://www.jx1108.com[我是测试],yeskpd]21:52:39|我是测试|18070|[488.0|688]条件:6000.0充值-流水:6000.0|条件不达标！
2018-10-08 21:53:36 PM-ERROR-funCore:wss错误回调：Connection is already closed.
2018-10-08 21:53:36 PM-INFO-funCore:[https://www.jx1108.com[我是测试],yeskpd]wss连接被关闭....
2018-10-08 21:55:32 PM-INFO-funCore:[http://www.yw32.com[我是测试],yeskpd]账号登录成功！
2018-10-08 21:55:33 PM-INFO-funCore:[https://www.ys39.com,yeskpd]账号登录成功！
2018-10-08 21:55:34 PM-INFO-funCore:[https://www.jx1108.com[我是测试],yeskpd]账号登录成功！
2018-10-08 21:55:36 PM-INFO-funCore:[http://www.yw32.com[我是测试],yeskpd]已成功建立wss...
2018-10-08 21:55:55 PM-ERROR-funCore:wss错误回调：[WinError 10060] 由于连接方在一段时间后没有正确答复或连接的主机没有反应，连接尝试失败。
2018-10-08 21:55:55 PM-INFO-funCore:[https://www.ys39.com,yeskpd]wss连接被关闭....
2018-10-08 21:55:55 PM-ERROR-funCore:[https://www.jx1108.com[我是测试],yeskpd]连接wss失败：HTTPSConnectionPool(host='www.jx1108.com', port=443): Max retries exceeded with url: /api/getSign.do?_t=1539006934590 (Caused by ProxyError('Cannot connect to proxy.', ConnectionResetError(10054, '远程主机强迫关闭了一个现有的连接。', None, 10054, None)))
2018-10-08 21:56:43 PM-ERROR-funCore:[https://www.jx1108.com[我是测试],yeskpd]连接wss失败：HTTPSConnectionPool(host='www.sx1109.com', port=443): Max retries exceeded with url: /chat/init.do?_t=1538961171663 (Caused by ProxyError('Cannot connect to proxy.', ConnectionResetError(10054, '远程主机强迫关闭了一个现有的连接。', None, 10054, None)))
2018-10-08 21:56:43 PM-ERROR-funCore:[https://www.ys39.com,yeskpd]连接wss失败：HTTPSConnectionPool(host='www.pk101.vip', port=443): Max retries exceeded with url: /chat/init.do?_t=1538961171663 (Caused by ProxyError('Cannot connect to proxy.', ConnectionResetError(10054, '远程主机强迫关闭了一个现有的连接。', None, 10054, None)))
2018-10-08 21:57:11 PM-ERROR-funCore:[https://www.ys39.com,yeskpd]连接wss失败：HTTPSConnectionPool(host='www.pk101.vip', port=443): Max retries exceeded with url: /chat/init.do?_t=1538961171663 (Caused by ProxyError('Cannot connect to proxy.', ConnectionResetError(10054, '远程主机强迫关闭了一个现有的连接。', None, 10054, None)))
2018-10-08 21:57:11 PM-ERROR-funCore:wss错误回调：[WinError 10060] 由于连接方在一段时间后没有正确答复或连接的主机没有反应，连接尝试失败。
2018-10-08 21:57:11 PM-INFO-funCore:[https://www.jx1108.com[我是测试],yeskpd]wss连接被关闭....
2018-10-08 21:58:00 PM-ERROR-funCore:[https://www.jx1108.com[我是测试],yeskpd]连接wss失败：HTTPSConnectionPool(host='www.sx1109.com', port=443): Max retries exceeded with url: /chat/init.do?_t=1538961171663 (Caused by ProxyError('Cannot connect to proxy.', ConnectionResetError(10054, '远程主机强迫关闭了一个现有的连接。', None, 10054, None)))
2018-10-08 21:58:21 PM-ERROR-funCore:wss错误回调：[WinError 10060] 由于连接方在一段时间后没有正确答复或连接的主机没有反应，连接尝试失败。
2018-10-08 21:58:21 PM-INFO-funCore:[https://www.ys39.com,yeskpd]wss连接被关闭....
2018-10-08 21:58:33 PM-ERROR-funCore:[https://www.jx1108.com[我是测试],yeskpd]连接wss失败：HTTPSConnectionPool(host='www.jx1108.com', port=443): Max retries exceeded with url: /api/getSign.do?_t=1539007092611 (Caused by ProxyError('Cannot connect to proxy.', ConnectionResetError(10054, '远程主机强迫关闭了一个现有的连接。', None, 10054, None)))
2018-10-08 21:59:02 PM-ERROR-funCore:[https://www.jx1108.com[我是测试],yeskpd]连接wss失败：HTTPSConnectionPool(host='www.sx1109.com', port=443): Max retries exceeded with url: /chat/init.do?_t=1538961171663 (Caused by ProxyError('Cannot connect to proxy.', ConnectionResetError(10054, '远程主机强迫关闭了一个现有的连接。', None, 10054, None)))
2018-10-08 21:59:25 PM-ERROR-funCore:[https://www.ys39.com,yeskpd]连接wss失败：HTTPSConnectionPool(host='www.pk101.vip', port=443): Max retries exceeded with url: /chat/init.do?_t=1538961171663 (Caused by ProxyError('Cannot connect to proxy.', ConnectionResetError(10054, '远程主机强迫关闭了一个现有的连接。', None, 10054, None)))
2018-10-08 21:59:34 PM-INFO-funCore:[https://www.ys39.com,yeskpd]已成功建立wss...
2018-10-08 21:59:54 PM-ERROR-funCore:[https://www.jx1108.com[我是测试],yeskpd]连接wss失败：HTTPSConnectionPool(host='www.sx1109.com', port=443): Max retries exceeded with url: /chat/init.do?_t=1538961171663 (Caused by ProxyError('Cannot connect to proxy.', ConnectionResetError(10054, '远程主机强迫关闭了一个现有的连接。', None, 10054, None)))
2018-10-08 22:00:45 PM-INFO-funCore:[https://www.jx1108.com[我是测试],yeskpd]已成功建立wss...
2018-10-08 22:03:49 PM-INFO-funCore:[https://www.ys39.com,yeskpd]抢包数据体：[url:https://www.pk101.vip/chat/luckyBag.do?_t=1539007429843,data:token=243e139a5e2505badb4eba18615f3761&packetId=57276]
2018-10-08 22:03:49 PM-INFO-funCore:[https://www.ys39.com,yeskpd]22:03:49|ys39|57276|[288.0|188]条件:388.0充值-流水:388.0|提交抢包...
2018-10-08 22:03:52 PM-INFO-funCore:[https://www.ys39.com,yeskpd]22:03:49|ys39|57276|[288.0|188]条件:388.0充值-流水:388.0|结果[：{"success":false,"msg":"红包不存在或已过期","info":"","code":400}
2018-10-08 22:03:52 PM-INFO-funCore:[https://www.ys39.com,yeskpd]22:03:49|ys39|57276|[288.0|188]条件:388.0充值-流水:388.0|红包不存在或已过期
2018-10-08 22:03:56 PM-INFO-funCore:[https://www.ys39.com,yeskpd]抢包数据体：[url:https://www.pk101.vip/chat/luckyBag.do?_t=1539007436021,data:token=243e139a5e2505badb4eba18615f3761&packetId=57277]
2018-10-08 22:03:56 PM-INFO-funCore:[https://www.ys39.com,yeskpd]22:03:56|ys39|57277|[288.0|188]条件:388.0充值-流水:388.0|提交抢包...
2018-10-08 22:03:58 PM-INFO-funCore:[https://www.ys39.com,yeskpd]22:03:56|ys39|57277|[288.0|188]条件:388.0充值-流水:388.0|结果[：{"success":false,"msg":"红包不存在或已过期","info":"","code":400}
2018-10-08 22:03:58 PM-INFO-funCore:[https://www.ys39.com,yeskpd]22:03:56|ys39|57277|[288.0|188]条件:388.0充值-流水:388.0|红包不存在或已过期
2018-10-08 22:04:02 PM-INFO-funCore:[https://www.ys39.com,yeskpd]抢包数据体：[url:https://www.pk101.vip/chat/luckyBag.do?_t=1539007442236,data:token=243e139a5e2505badb4eba18615f3761&packetId=57278]
2018-10-08 22:04:02 PM-INFO-funCore:[https://www.ys39.com,yeskpd]22:04:02|ys39|57278|[288.0|188]条件:388.0充值-流水:388.0|提交抢包...
2018-10-08 22:04:05 PM-INFO-funCore:[https://www.ys39.com,yeskpd]22:04:02|ys39|57278|[288.0|188]条件:388.0充值-流水:388.0|结果[：{"success":false,"msg":"红包不存在或已过期","info":"","code":400}
2018-10-08 22:04:05 PM-INFO-funCore:[https://www.ys39.com,yeskpd]22:04:02|ys39|57278|[288.0|188]条件:388.0充值-流水:388.0|红包不存在或已过期
2018-10-08 22:04:08 PM-INFO-funCore:[https://www.ys39.com,yeskpd]抢包数据体：[url:https://www.pk101.vip/chat/luckyBag.do?_t=1539007448214,data:token=243e139a5e2505badb4eba18615f3761&packetId=57279]
2018-10-08 22:04:08 PM-INFO-funCore:[https://www.ys39.com,yeskpd]22:04:08|ys39|57279|[288.0|188]条件:388.0充值-流水:388.0|提交抢包...
2018-10-08 22:04:10 PM-INFO-funCore:[https://www.ys39.com,yeskpd]22:04:08|ys39|57279|[288.0|188]条件:388.0充值-流水:388.0|结果[：{"success":false,"msg":"红包不存在或已过期","info":"","code":400}
2018-10-08 22:04:10 PM-INFO-funCore:[https://www.ys39.com,yeskpd]22:04:08|ys39|57279|[288.0|188]条件:388.0充值-流水:388.0|红包不存在或已过期
2018-10-08 22:04:14 PM-INFO-funCore:[https://www.ys39.com,yeskpd]抢包数据体：[url:https://www.pk101.vip/chat/luckyBag.do?_t=1539007454296,data:token=243e139a5e2505badb4eba18615f3761&packetId=57280]
2018-10-08 22:04:14 PM-INFO-funCore:[https://www.ys39.com,yeskpd]22:04:14|ys39|57280|[288.0|188]条件:388.0充值-流水:388.0|提交抢包...
2018-10-08 22:04:17 PM-INFO-funCore:[https://www.ys39.com,yeskpd]22:04:14|ys39|57280|[288.0|188]条件:388.0充值-流水:388.0|结果[：{"success":false,"msg":"红包不存在或已过期","info":"","code":400}
2018-10-08 22:04:17 PM-INFO-funCore:[https://www.ys39.com,yeskpd]22:04:14|ys39|57280|[288.0|188]条件:388.0充值-流水:388.0|红包不存在或已过期
2018-10-08 22:04:20 PM-INFO-funCore:[https://www.ys39.com,yeskpd]抢包数据体：[url:https://www.pk101.vip/chat/luckyBag.do?_t=1539007460487,data:token=243e139a5e2505badb4eba18615f3761&packetId=57281]
2018-10-08 22:04:20 PM-INFO-funCore:[https://www.ys39.com,yeskpd]22:04:20|ys39|57281|[288.0|188]条件:388.0充值-流水:388.0|提交抢包...
2018-10-08 22:04:21 PM-INFO-funCore:[https://www.ys39.com,yeskpd]22:04:20|ys39|57281|[288.0|188]条件:388.0充值-流水:388.0|结果[：{"success":false,"msg":"红包不存在或已过期","info":"","code":400}
2018-10-08 22:04:21 PM-INFO-funCore:[https://www.ys39.com,yeskpd]22:04:20|ys39|57281|[288.0|188]条件:388.0充值-流水:388.0|红包不存在或已过期
2018-10-08 22:04:27 PM-INFO-funCore:[https://www.ys39.com,yeskpd]抢包数据体：[url:https://www.pk101.vip/chat/luckyBag.do?_t=1539007467239,data:token=243e139a5e2505badb4eba18615f3761&packetId=57282]
2018-10-08 22:04:27 PM-INFO-funCore:[https://www.ys39.com,yeskpd]22:04:27|ys39|57282|[288.0|188]条件:388.0充值-流水:388.0|提交抢包...
2018-10-08 22:04:29 PM-INFO-funCore:[https://www.ys39.com,yeskpd]22:04:27|ys39|57282|[288.0|188]条件:388.0充值-流水:388.0|结果[：{"success":false,"msg":"红包不存在或已过期","info":"","code":400}
2018-10-08 22:04:29 PM-INFO-funCore:[https://www.ys39.com,yeskpd]22:04:27|ys39|57282|[288.0|188]条件:388.0充值-流水:388.0|红包不存在或已过期
2018-10-08 22:04:33 PM-INFO-funCore:[https://www.ys39.com,yeskpd]抢包数据体：[url:https://www.pk101.vip/chat/luckyBag.do?_t=1539007473353,data:token=243e139a5e2505badb4eba18615f3761&packetId=57283]
2018-10-08 22:04:33 PM-INFO-funCore:[https://www.ys39.com,yeskpd]22:04:33|ys39|57283|[288.0|188]条件:388.0充值-流水:388.0|提交抢包...
2018-10-08 22:04:35 PM-INFO-funCore:[https://www.ys39.com,yeskpd]22:04:33|ys39|57283|[288.0|188]条件:388.0充值-流水:388.0|结果[：{"success":false,"msg":"红包不存在或已过期","info":"","code":400}
2018-10-08 22:04:35 PM-INFO-funCore:[https://www.ys39.com,yeskpd]22:04:33|ys39|57283|[288.0|188]条件:388.0充值-流水:388.0|红包不存在或已过期
2018-10-08 22:04:40 PM-INFO-funCore:[https://www.ys39.com,yeskpd]抢包数据体：[url:https://www.pk101.vip/chat/luckyBag.do?_t=1539007480137,data:token=243e139a5e2505badb4eba18615f3761&packetId=57284]
2018-10-08 22:04:40 PM-INFO-funCore:[https://www.ys39.com,yeskpd]22:04:40|ys39|57284|[288.0|188]条件:388.0充值-流水:388.0|提交抢包...
2018-10-08 22:04:44 PM-INFO-funCore:[https://www.ys39.com,yeskpd]22:04:40|ys39|57284|[288.0|188]条件:388.0充值-流水:388.0|结果[：{"success":false,"msg":"红包不存在或已过期","info":"","code":400}
2018-10-08 22:04:44 PM-INFO-funCore:[https://www.ys39.com,yeskpd]22:04:40|ys39|57284|[288.0|188]条件:388.0充值-流水:388.0|红包不存在或已过期
2018-10-08 22:04:44 PM-INFO-funCore:[https://www.ys39.com,yeskpd]抢包数据体：[url:https://www.pk101.vip/chat/luckyBag.do?_t=1539007484571,data:token=243e139a5e2505badb4eba18615f3761&packetId=57285]
2018-10-08 22:04:44 PM-INFO-funCore:[https://www.ys39.com,yeskpd]22:04:44|ys39|57285|[288.0|188]条件:388.0充值-流水:388.0|提交抢包...
2018-10-08 22:04:46 PM-INFO-funCore:[https://www.ys39.com,yeskpd]22:04:44|ys39|57285|[288.0|188]条件:388.0充值-流水:388.0|结果[：{"success":false,"msg":"红包不存在或已过期","info":"","code":400}
2018-10-08 22:04:46 PM-INFO-funCore:[https://www.ys39.com,yeskpd]22:04:44|ys39|57285|[288.0|188]条件:388.0充值-流水:388.0|红包不存在或已过期
2018-10-08 22:04:52 PM-INFO-funCore:[https://www.ys39.com,yeskpd]抢包数据体：[url:https://www.pk101.vip/chat/luckyBag.do?_t=1539007492449,data:token=243e139a5e2505badb4eba18615f3761&packetId=57286]
2018-10-08 22:04:52 PM-INFO-funCore:[https://www.ys39.com,yeskpd]22:04:52|ys39|57286|[288.0|188]条件:388.0充值-流水:388.0|提交抢包...
2018-10-08 22:04:54 PM-INFO-funCore:[https://www.ys39.com,yeskpd]22:04:52|ys39|57286|[288.0|188]条件:388.0充值-流水:388.0|结果[：{"success":false,"msg":"红包不存在或已过期","info":"","code":400}
2018-10-08 22:04:54 PM-INFO-funCore:[https://www.ys39.com,yeskpd]22:04:52|ys39|57286|[288.0|188]条件:388.0充值-流水:388.0|红包不存在或已过期
2018-10-08 22:04:58 PM-INFO-funCore:[https://www.ys39.com,yeskpd]抢包数据体：[url:https://www.pk101.vip/chat/luckyBag.do?_t=1539007498746,data:token=243e139a5e2505badb4eba18615f3761&packetId=57287]
2018-10-08 22:04:58 PM-INFO-funCore:[https://www.ys39.com,yeskpd]22:04:58|ys39|57287|[288.0|188]条件:388.0充值-流水:388.0|提交抢包...
2018-10-08 22:05:02 PM-INFO-funCore:[https://www.ys39.com,yeskpd]22:04:58|ys39|57287|[288.0|188]条件:388.0充值-流水:388.0|结果[：{"success":false,"msg":"红包不存在或已过期","info":"","code":400}
2018-10-08 22:05:02 PM-INFO-funCore:[https://www.ys39.com,yeskpd]22:04:58|ys39|57287|[288.0|188]条件:388.0充值-流水:388.0|红包不存在或已过期
2018-10-08 22:05:05 PM-INFO-funCore:[https://www.ys39.com,yeskpd]抢包数据体：[url:https://www.pk101.vip/chat/luckyBag.do?_t=1539007505026,data:token=243e139a5e2505badb4eba18615f3761&packetId=57288]
2018-10-08 22:05:05 PM-INFO-funCore:[https://www.ys39.com,yeskpd]22:05:05|ys39|57288|[288.0|188]条件:388.0充值-流水:388.0|提交抢包...
2018-10-08 22:05:06 PM-INFO-funCore:[https://www.ys39.com,yeskpd]22:05:05|ys39|57288|[288.0|188]条件:388.0充值-流水:388.0|结果[：{"success":false,"msg":"红包不存在或已过期","info":"","code":400}
2018-10-08 22:05:06 PM-INFO-funCore:[https://www.ys39.com,yeskpd]22:05:05|ys39|57288|[288.0|188]条件:388.0充值-流水:388.0|红包不存在或已过期
2018-10-08 22:06:42 PM-INFO-funCore:[http://www.yw32.com[我是测试],yeskpd]账号登录成功！
2018-10-08 22:06:43 PM-INFO-funCore:[https://www.jx1108.com[我是测试],yeskpd]账号登录成功！
2018-10-08 22:07:04 PM-ERROR-funCore:[http://www.yw32.com[我是测试],yeskpd]连接wss失败：HTTPSConnectionPool(host='www.aa444.vip', port=443): Max retries exceeded with url: /chat/init.do?_t=1538961171663 (Caused by ProxyError('Cannot connect to proxy.', ConnectionResetError(10054, '远程主机强迫关闭了一个现有的连接。', None, 10054, None)))
2018-10-08 22:07:07 PM-ERROR-funCore:[https://www.jx1108.com[我是测试],yeskpd]连接wss失败：HTTPSConnectionPool(host='www.sx1109.com', port=443): Max retries exceeded with url: /chat/init.do?_t=1538961171663 (Caused by ProxyError('Cannot connect to proxy.', ConnectionResetError(10054, '远程主机强迫关闭了一个现有的连接。', None, 10054, None)))
2018-10-08 22:07:15 PM-INFO-funCore:[https://www.jx1108.com[我是测试],yeskpd]已成功建立wss...
2018-10-08 22:07:31 PM-ERROR-funCore:[http://www.yw32.com[我是测试],yeskpd]连接wss失败：HTTPSConnectionPool(host='www.aa444.vip', port=443): Max retries exceeded with url: /chat/init.do?_t=1538961171663 (Caused by ProxyError('Cannot connect to proxy.', ConnectionResetError(10054, '远程主机强迫关闭了一个现有的连接。', None, 10054, None)))
2018-10-08 22:07:43 PM-INFO-funCore:[https://www.jx1108.com[我是测试],yeskpd]抢包数据体：[url:https://www.sx1109.com/chat/luckyBag.do?_t=1539007663841,data:token=0332bca29a6d73419017ded031a8e45f&packetId=18072]
2018-10-08 22:07:43 PM-INFO-funCore:[https://www.jx1108.com[我是测试],yeskpd]22:07:43|我是测试|18072|[488.0|688]条件:6000.0充值-流水:6000.0|提交抢包...
2018-10-08 22:07:43 PM-INFO-funCore:[https://www.jx1108.com[我是测试],yeskpd]22:07:43|我是测试|18072|[488.0|688]条件:6000.0充值-流水:6000.0|结果[：{"result":1,"money":0.0}
2018-10-08 22:07:43 PM-INFO-funCore:[https://www.jx1108.com[我是测试],yeskpd]22:07:43|我是测试|18072|[488.0|688]条件:6000.0充值-流水:6000.0|条件不达标！
2018-10-08 22:07:46 PM-INFO-funCore:[http://www.yw32.com[我是测试],yeskpd]已成功建立wss...
2018-10-08 22:09:08 PM-INFO-funCore:[http://www.yw32.com[我是测试],yeskpd]账号登录成功！
2018-10-08 22:09:09 PM-INFO-funCore:[https://www.jx1108.com[我是测试],yeskpd]账号登录成功！
2018-10-08 22:09:14 PM-INFO-funCore:[http://www.yw32.com[我是测试],yeskpd]已成功建立wss...
2018-10-08 22:09:28 PM-ERROR-funCore:[https://www.jx1108.com[我是测试],yeskpd]连接wss失败：HTTPSConnectionPool(host='www.sx1109.com', port=443): Max retries exceeded with url: /chat/init.do?_t=1538961171663 (Caused by ProxyError('Cannot connect to proxy.', ConnectionResetError(10054, '远程主机强迫关闭了一个现有的连接。', None, 10054, None)))
2018-10-08 22:09:59 PM-ERROR-funCore:[https://www.jx1108.com[我是测试],yeskpd]连接wss失败：HTTPSConnectionPool(host='www.sx1109.com', port=443): Max retries exceeded with url: /chat/init.do?_t=1538961171663 (Caused by ProxyError('Cannot connect to proxy.', ConnectionResetError(10054, '远程主机强迫关闭了一个现有的连接。', None, 10054, None)))
2018-10-08 22:10:16 PM-INFO-funCore:[https://www.jx1108.com[我是测试],yeskpd]已成功建立wss...
2018-10-08 22:12:23 PM-INFO-funCore:[https://www.ys39.com,yeskpd]账号登录成功！
2018-10-08 22:12:26 PM-INFO-funCore:[https://www.ys39.com,yeskpd]已成功建立wss...
